C51 COMPILER V9.60.7.0   MAIN                                                              04/17/2023 17:42:32 PAGE 1   


C51 COMPILER V9.60.7.0, COMPILATION OF MODULE MAIN
OBJECT MODULE PLACED IN .\Objects\main.obj
COMPILER INVOKED BY: C:\Keil_v5\C51\BIN\C51.EXE main.c OPTIMIZE(8,SPEED) BROWSE DEBUG OBJECTEXTEND PRINT(.\Listings\main
                    -.lst) TABS(2) OBJECT(.\Objects\main.obj)

line level    source

   1          #include<header.h>
   2          
   3          unsigned int flow_count; 
   4          enum Motor_Status{Off, On, wait} status;
   5          
   6          //void ext_int_0() interrupt 0
   7          //{ 
   8          //    P1_0 = 0;
   9          //    flow_count++;
  10          //    P1_0 = 1;
  11          //}
  12          
  13          
  14          void main()
  15          {
  16   1          status = Off;
  17   1          P0 = 0x00;
  18   1          P1 = 0x00;
  19   1          P2 = 0x00;
  20   1          P3 = 0x00;
  21   1          Enable_SFR();
  22   1          P1_0 = 0;
  23   1          while(1)
  24   1          {
  25   2            switch(status)
  26   2            {
  27   3              case Off:
  28   3                        //Power_Idle();
  29   3                        P1_2 = 0;         // Turn motor off
  30   3                        if(P3_3 == 0)
  31   3                        {
  32   4                          status = wait;
  33   4                        }
  34   3                        else if(P3_3 == 1 && check_tap_water())        // if tank is full go to tank status wait
  35   3                        {
  36   4                        status = On;
  37   4                        }
  38   3                        break;
  39   3      
  40   3              case On:
  41   3                        if(P3_3 == 1)  // if tank is not full go to tank status ON
  42   3                        {
  43   4                          P1_2 = 1;       // Turn motor on
  44   4                          status = On;
  45   4                        }
  46   3                        else
  47   3                        {
  48   4                             status = Off;                    
  49   4                        }
  50   3                        break;    
  51   3              case wait:
  52   3                      delay(10);
  53   3                      status = Off;
  54   3              default:  
C51 COMPILER V9.60.7.0   MAIN                                                              04/17/2023 17:42:32 PAGE 2   

  55   3                       status = Off;
  56   3                       break;   
  57   3          }
  58   2      }
  59   1      }


MODULE INFORMATION:   STATIC OVERLAYABLE
   CODE SIZE        =     80    ----
   CONSTANT SIZE    =   ----    ----
   XDATA SIZE       =   ----    ----
   PDATA SIZE       =   ----    ----
   DATA SIZE        =      3    ----
   IDATA SIZE       =   ----    ----
   BIT SIZE         =   ----    ----
END OF MODULE INFORMATION.


C51 COMPILATION COMPLETE.  0 WARNING(S),  0 ERROR(S)
