C51 COMPILER V9.60.0.0   MAIN                                                              01/28/2023 19:40:59 PAGE 1   


C51 COMPILER V9.60.0.0, COMPILATION OF MODULE MAIN
OBJECT MODULE PLACED IN .\Objects\main.obj
COMPILER INVOKED BY: C:\Keil_v5\C51\BIN\C51.EXE main.c OPTIMIZE(8,SPEED) BROWSE DEBUG OBJECTEXTEND PRINT(.\Listings\main
                    -.lst) TABS(2) OBJECT(.\Objects\main.obj)

line level    source

   1          #include<header.h>
   2          
   3          unsigned int flow_count; 
   4          unsigned int hour = 12;
   5          unsigned int minute = 0;
   6          unsigned int second = 0;
   7          //enum Motor_Status{Off, On, wait} status;
   8          
   9          //void ext_int_0() interrupt 0
  10          //{ 
  11          
  12          //}
  13          
  14          void main()
  15          {
  16   1          P0 = 0x00;
  17   1          P1 = 0x00;
  18   1          P2 = 0x00;
  19   1          P3 = 0x00;
  20   1          Enable_SFR();
  21   1          P1_0 = 0;
  22   1          while(1)
  23   1          {
  24   2          increment_time();
  25   2          turn_on_motor_at_6am();
  26   2          delay(1); // Wait for 1 second before incrementing time again
  27   2          }
  28   1      }


MODULE INFORMATION:   STATIC OVERLAYABLE
   CODE SIZE        =     29    ----
   CONSTANT SIZE    =   ----    ----
   XDATA SIZE       =   ----    ----
   PDATA SIZE       =   ----    ----
   DATA SIZE        =      8    ----
   IDATA SIZE       =   ----    ----
   BIT SIZE         =   ----    ----
END OF MODULE INFORMATION.


C51 COMPILATION COMPLETE.  0 WARNING(S),  0 ERROR(S)
